[ 50%] [32mBuilding CXX object CMakeFiles/hand_test.dir/src/hand_test.cpp.o[0m
[100%] [32m[1mLinking CXX executable hand_test[0m
[100%] Built target hand_test
-- Install configuration: ""
-- Execute custom install script
-- Up-to-date symlink: /home/berenic/Documents/LPRS2_2026/Robo_Hand_RS485/ROS2/robo_hand_ws/install/glue_events_routines/share/ament_index/resource_index/package_run_dependencies/glue_events_routines
-- Up-to-date symlink: /home/berenic/Documents/LPRS2_2026/Robo_Hand_RS485/ROS2/robo_hand_ws/install/glue_events_routines/share/ament_index/resource_index/parent_prefix_path/glue_events_routines
-- Up-to-date symlink: /home/berenic/Documents/LPRS2_2026/Robo_Hand_RS485/ROS2/robo_hand_ws/install/glue_events_routines/share/glue_events_routines/environment/ament_prefix_path.sh
-- Up-to-date symlink: /home/berenic/Documents/LPRS2_2026/Robo_Hand_RS485/ROS2/robo_hand_ws/install/glue_events_routines/share/glue_events_routines/environment/ament_prefix_path.dsv
-- Up-to-date symlink: /home/berenic/Documents/LPRS2_2026/Robo_Hand_RS485/ROS2/robo_hand_ws/install/glue_events_routines/share/glue_events_routines/environment/path.sh
-- Up-to-date symlink: /home/berenic/Documents/LPRS2_2026/Robo_Hand_RS485/ROS2/robo_hand_ws/install/glue_events_routines/share/glue_events_routines/environment/path.dsv
-- Up-to-date symlink: /home/berenic/Documents/LPRS2_2026/Robo_Hand_RS485/ROS2/robo_hand_ws/install/glue_events_routines/share/glue_events_routines/local_setup.bash
-- Up-to-date symlink: /home/berenic/Documents/LPRS2_2026/Robo_Hand_RS485/ROS2/robo_hand_ws/install/glue_events_routines/share/glue_events_routines/local_setup.sh
-- Up-to-date symlink: /home/berenic/Documents/LPRS2_2026/Robo_Hand_RS485/ROS2/robo_hand_ws/install/glue_events_routines/share/glue_events_routines/local_setup.zsh
-- Up-to-date symlink: /home/berenic/Documents/LPRS2_2026/Robo_Hand_RS485/ROS2/robo_hand_ws/install/glue_events_routines/share/glue_events_routines/local_setup.dsv
-- Symlinking: /home/berenic/Documents/LPRS2_2026/Robo_Hand_RS485/ROS2/robo_hand_ws/install/glue_events_routines/share/glue_events_routines/package.dsv
-- Up-to-date symlink: /home/berenic/Documents/LPRS2_2026/Robo_Hand_RS485/ROS2/robo_hand_ws/install/glue_events_routines/share/ament_index/resource_index/packages/glue_events_routines
-- Up-to-date symlink: /home/berenic/Documents/LPRS2_2026/Robo_Hand_RS485/ROS2/robo_hand_ws/install/glue_events_routines/share/glue_events_routines/cmake/glue_events_routinesConfig.cmake
-- Up-to-date symlink: /home/berenic/Documents/LPRS2_2026/Robo_Hand_RS485/ROS2/robo_hand_ws/install/glue_events_routines/share/glue_events_routines/cmake/glue_events_routinesConfig-version.cmake
-- Up-to-date symlink: /home/berenic/Documents/LPRS2_2026/Robo_Hand_RS485/ROS2/robo_hand_ws/install/glue_events_routines/share/glue_events_routines/package.xml
-- Installing: /home/berenic/Documents/LPRS2_2026/Robo_Hand_RS485/ROS2/robo_hand_ws/install/glue_events_routines/lib/glue_events_routines/hand_test
-- Set non-toolchain portion of runtime path of "/home/berenic/Documents/LPRS2_2026/Robo_Hand_RS485/ROS2/robo_hand_ws/install/glue_events_routines/lib/glue_events_routines/hand_test" to ""
